<?xml version="1.0" encoding="UTF-8"?>
<robot generator="Robot 7.1.1 (Python 3.13.1 on win32)" generated="2025-02-12T04:57:14.237106" rpa="false" schemaversion="5">
<suite id="s1" name="Patents Test" source="C:\Users\franc\Desktop\se_67\test-case-sp1_\test\patents\patents_test.robot">
<test id="s1-t1" name="Navigate To Patents And View Details" line="11">
<kw name="Open Browser" owner="SeleniumLibrary">
<msg time="2025-02-12T04:57:14.470103" level="INFO">Opening browser 'Chrome' to base url 'http://127.0.0.1:8000/login'.</msg>
<arg>${URL}</arg>
<arg>${BROWSER}</arg>
<doc>Opens a new browser instance to the optional ``url``.</doc>
<status status="PASS" start="2025-02-12T04:57:14.469764" elapsed="1.677160"/>
</kw>
<kw name="Maximize Browser Window" owner="SeleniumLibrary">
<doc>Maximizes current browser window.</doc>
<status status="PASS" start="2025-02-12T04:57:16.147501" elapsed="0.033453"/>
</kw>
<kw name="Wait Until Element Is Visible" owner="SeleniumLibrary">
<arg>id=username</arg>
<doc>Waits until the element ``locator`` is visible.</doc>
<status status="PASS" start="2025-02-12T04:57:16.181349" elapsed="0.025547"/>
</kw>
<kw name="Input Text" owner="SeleniumLibrary">
<msg time="2025-02-12T04:57:16.207583" level="INFO">Typing text 'punhor1@kku.ac.th' into text field 'id=username'.</msg>
<arg>id=username</arg>
<arg>${USERNAME}</arg>
<doc>Types the given ``text`` into the text field identified by ``locator``.</doc>
<status status="PASS" start="2025-02-12T04:57:16.207325" elapsed="0.101141"/>
</kw>
<kw name="Input Text" owner="SeleniumLibrary">
<msg time="2025-02-12T04:57:16.309224" level="INFO">Typing text '123456789' into text field 'id=password'.</msg>
<arg>id=password</arg>
<arg>${PASSWORD}</arg>
<doc>Types the given ``text`` into the text field identified by ``locator``.</doc>
<status status="PASS" start="2025-02-12T04:57:16.308947" elapsed="0.126440"/>
</kw>
<kw name="Click Button" owner="SeleniumLibrary">
<msg time="2025-02-12T04:57:16.436036" level="INFO">Clicking button 'xpath=//button[contains(text(),'Log In')]'.</msg>
<arg>xpath=//button[contains(text(),'Log In')]</arg>
<doc>Clicks the button identified by ``locator``.</doc>
<status status="PASS" start="2025-02-12T04:57:16.435787" elapsed="1.426851"/>
</kw>
<kw name="Sleep" owner="BuiltIn">
<msg time="2025-02-12T04:57:19.863362" level="INFO">Slept 2 seconds.</msg>
<arg>2s</arg>
<doc>Pauses the test executed for the given time.</doc>
<status status="PASS" start="2025-02-12T04:57:17.862937" elapsed="2.000534"/>
</kw>
<kw name="Location Should Contain" owner="SeleniumLibrary">
<msg time="2025-02-12T04:57:19.868399" level="INFO">Current location contains '/dashboard'.</msg>
<arg>/dashboard</arg>
<doc>Verifies that the current URL contains ``expected``.</doc>
<status status="PASS" start="2025-02-12T04:57:19.863844" elapsed="0.004600"/>
</kw>
<kw name="Click Element" owner="SeleniumLibrary">
<msg time="2025-02-12T04:57:19.868728" level="INFO">Clicking element 'xpath=//*[@id="sidebar"]/ul/li[8]/a'.</msg>
<arg>xpath=//*[@id="sidebar"]/ul/li[8]/a</arg>
<doc>Click the element identified by ``locator``.</doc>
<status status="PASS" start="2025-02-12T04:57:19.868611" elapsed="0.044556"/>
</kw>
<kw name="Sleep" owner="BuiltIn">
<msg time="2025-02-12T04:57:20.914218" level="INFO">Slept 1 second.</msg>
<arg>1s</arg>
<doc>Pauses the test executed for the given time.</doc>
<status status="PASS" start="2025-02-12T04:57:19.913874" elapsed="1.000445"/>
</kw>
<kw name="Wait Until Element Is Visible" owner="SeleniumLibrary">
<arg>xpath=//*[@id="ManagePublications"]/ul/li[3]/a</arg>
<arg>timeout=5s</arg>
<doc>Waits until the element ``locator`` is visible.</doc>
<status status="PASS" start="2025-02-12T04:57:20.914586" elapsed="0.013446"/>
</kw>
<kw name="Click Element" owner="SeleniumLibrary">
<msg time="2025-02-12T04:57:20.928444" level="INFO">Clicking element 'xpath=//*[@id="ManagePublications"]/ul/li[3]/a'.</msg>
<arg>xpath=//*[@id="ManagePublications"]/ul/li[3]/a</arg>
<doc>Click the element identified by ``locator``.</doc>
<status status="PASS" start="2025-02-12T04:57:20.928290" elapsed="0.399997"/>
</kw>
<kw name="Sleep" owner="BuiltIn">
<msg time="2025-02-12T04:57:23.329069" level="INFO">Slept 2 seconds.</msg>
<arg>2s</arg>
<doc>Pauses the test executed for the given time.</doc>
<status status="PASS" start="2025-02-12T04:57:21.328569" elapsed="2.000598"/>
</kw>
<kw name="Location Should Contain" owner="SeleniumLibrary">
<msg time="2025-02-12T04:57:23.335111" level="INFO">Current location contains '/patents'.</msg>
<arg>/patents</arg>
<doc>Verifies that the current URL contains ``expected``.</doc>
<status status="PASS" start="2025-02-12T04:57:23.329565" elapsed="0.005592"/>
</kw>
<kw name="Wait Until Element Is Visible" owner="SeleniumLibrary">
<arg>xpath=//*[@id="example1"]/tbody[1]/tr/td[7]/form/li[1]/a</arg>
<arg>timeout=10s</arg>
<doc>Waits until the element ``locator`` is visible.</doc>
<status status="PASS" start="2025-02-12T04:57:23.335300" elapsed="0.011550"/>
</kw>
<kw name="Scroll Element Into View" owner="SeleniumLibrary">
<arg>xpath=//*[@id="example1"]/tbody[1]/tr/td[7]/form/li[1]/a</arg>
<doc>Scrolls the element identified by ``locator`` into view.</doc>
<status status="PASS" start="2025-02-12T04:57:23.347055" elapsed="0.275300"/>
</kw>
<kw name="Capture Page Screenshot" owner="SeleniumLibrary">
<msg time="2025-02-12T04:57:23.701343" level="INFO" html="true">&lt;/td&gt;&lt;/tr&gt;&lt;tr&gt;&lt;td colspan="3"&gt;&lt;a href="selenium-screenshot-2.png"&gt;&lt;img src="selenium-screenshot-2.png" width="800px"&gt;&lt;/a&gt;</msg>
<doc>Takes a screenshot of the current page and embeds it into a log file.</doc>
<status status="PASS" start="2025-02-12T04:57:23.622738" elapsed="0.078711"/>
</kw>
<kw name="Click Element" owner="SeleniumLibrary">
<msg time="2025-02-12T04:57:23.702466" level="INFO">Clicking element 'xpath=//*[@id="example1"]/tbody[1]/tr/td[7]/form/li[1]/a'.</msg>
<arg>xpath=//*[@id="example1"]/tbody[1]/tr/td[7]/form/li[1]/a</arg>
<doc>Click the element identified by ``locator``.</doc>
<status status="PASS" start="2025-02-12T04:57:23.702317" elapsed="0.354377"/>
</kw>
<kw name="Sleep" owner="BuiltIn">
<msg time="2025-02-12T04:57:26.057794" level="INFO">Slept 2 seconds.</msg>
<arg>2s</arg>
<doc>Pauses the test executed for the given time.</doc>
<status status="PASS" start="2025-02-12T04:57:24.057072" elapsed="2.000824"/>
</kw>
<kw name="Execute Javascript" owner="SeleniumLibrary">
<msg time="2025-02-12T04:57:26.058570" level="INFO">Executing JavaScript:
document.evaluate('//*[@id="example1"]/tbody[1]/tr/td[7]/form/li[1]/a', document, null, XPathResult.FIRST_ORDERED_NODE_TYPE, null).singleNodeValue.click();
Without any arguments.</msg>
<msg time="2025-02-12T04:57:26.150572" level="INFO" html="true">&lt;/td&gt;&lt;/tr&gt;&lt;tr&gt;&lt;td colspan="3"&gt;&lt;a href="selenium-screenshot-3.png"&gt;&lt;img src="selenium-screenshot-3.png" width="800px"&gt;&lt;/a&gt;</msg>
<msg time="2025-02-12T04:57:26.150812" level="FAIL">JavascriptException: Message: javascript error: Cannot read properties of null (reading 'click')
  (Session info: chrome=132.0.6834.160)
Stacktrace:
	GetHandleVerifier [0x00007FF72FC902F5+28725]
	(No symbol) [0x00007FF72FBF2AE0]
	(No symbol) [0x00007FF72FA8510A]
	(No symbol) [0x00007FF72FA8BD70]
	(No symbol) [0x00007FF72FA8EDF8]
	(No symbol) [0x00007FF72FB21460]
	(No symbol) [0x00007FF72FAFFFAA]
	(No symbol) [0x00007FF72FB20181]
	(No symbol) [0x00007FF72FAFFD53]
	(No symbol) [0x00007FF72FACA0E3]
	(No symbol) [0x00007FF72FACB471]
	GetHandleVerifier [0x00007FF72FFBF30D+3366989]
	GetHandleVerifier [0x00007FF72FFD12F0+3440688]
	GetHandleVerifier [0x00007FF72FFC78FD+3401277]
	GetHandleVerifier [0x00007FF72FD5AAAB+858091]
	(No symbol) [0x00007FF72FBFE74F]
	(No symbol) [0x00007FF72FBFA304]
	(No symbol) [0x00007FF72FBFA49D]
	(No symbol) [0x00007FF72FBE8B69]
	BaseThreadInitThunk [0x00007FFAFED7259D+29]
	RtlUserThreadStart [0x00007FFB003CAF38+40]
</msg>
<arg>document.evaluate('//*[@id="example1"]/tbody[1]/tr/td[7]/form/li[1]/a', document, null, XPathResult.FIRST_ORDERED_NODE_TYPE, null).singleNodeValue.click();</arg>
<doc>Executes the given JavaScript code with possible arguments.</doc>
<status status="FAIL" start="2025-02-12T04:57:26.058279" elapsed="0.107250">JavascriptException: Message: javascript error: Cannot read properties of null (reading 'click')
  (Session info: chrome=132.0.6834.160)
Stacktrace:
	GetHandleVerifier [0x00007FF72FC902F5+28725]
	(No symbol) [0x00007FF72FBF2AE0]
	(No symbol) [0x00007FF72FA8510A]
	(No symbol) [0x00007FF72FA8BD70]
	(No symbol) [0x00007FF72FA8EDF8]
	(No symbol) [0x00007FF72FB21460]
	(No symbol) [0x00007FF72FAFFFAA]
	(No symbol) [0x00007FF72FB20181]
	(No symbol) [0x00007FF72FAFFD53]
	(No symbol) [0x00007FF72FACA0E3]
	(No symbol) [0x00007FF72FACB471]
	GetHandleVerifier [0x00007FF72FFBF30D+3366989]
	GetHandleVerifier [0x00007FF72FFD12F0+3440688]
	GetHandleVerifier [0x00007FF72FFC78FD+3401277]
	GetHandleVerifier [0x00007FF72FD5AAAB+858091]
	(No symbol) [0x00007FF72FBFE74F]
	(No symbol) [0x00007FF72FBFA304]
	(No symbol) [0x00007FF72FBFA49D]
	(No symbol) [0x00007FF72FBE8B69]
	BaseThreadInitThunk [0x00007FFAFED7259D+29]
	RtlUserThreadStart [0x00007FFB003CAF38+40]
</status>
</kw>
<kw name="Sleep" owner="BuiltIn">
<arg>2s</arg>
<doc>Pauses the test executed for the given time.</doc>
<status status="NOT RUN" start="2025-02-12T04:57:26.166088" elapsed="0.000036"/>
</kw>
<kw name="Wait Until Location Contains" owner="SeleniumLibrary">
<arg>/patents/</arg>
<arg>timeout=5s</arg>
<doc>Waits until the current URL contains ``expected``.</doc>
<status status="NOT RUN" start="2025-02-12T04:57:26.166398" elapsed="0.000023"/>
</kw>
<kw name="Capture Page Screenshot" owner="SeleniumLibrary">
<doc>Takes a screenshot of the current page and embeds it into a log file.</doc>
<status status="NOT RUN" start="2025-02-12T04:57:26.166652" elapsed="0.000023"/>
</kw>
<kw name="Wait Until Page Contains" owner="SeleniumLibrary">
<arg>รายละเอียดสิทธิบัตร</arg>
<arg>timeout=5s</arg>
<doc>Waits until ``text`` appears on the current page.</doc>
<status status="NOT RUN" start="2025-02-12T04:57:26.166785" elapsed="0.000018"/>
</kw>
<kw name="Close Browser" owner="SeleniumLibrary">
<doc>Closes the current browser.</doc>
<status status="NOT RUN" start="2025-02-12T04:57:26.166912" elapsed="0.000027"/>
</kw>
<status status="FAIL" start="2025-02-12T04:57:14.468918" elapsed="11.698610">JavascriptException: Message: javascript error: Cannot read properties of null (reading 'click')
  (Session info: chrome=132.0.6834.160)
Stacktrace:
	GetHandleVerifier [0x00007FF72FC902F5+28725]
	(No symbol) [0x00007FF72FBF2AE0]
	(No symbol) [0x00007FF72FA8510A]
	(No symbol) [0x00007FF72FA8BD70]
	(No symbol) [0x00007FF72FA8EDF8]
	(No symbol) [0x00007FF72FB21460]
	(No symbol) [0x00007FF72FAFFFAA]
	(No symbol) [0x00007FF72FB20181]
	(No symbol) [0x00007FF72FAFFD53]
	(No symbol) [0x00007FF72FACA0E3]
	(No symbol) [0x00007FF72FACB471]
	GetHandleVerifier [0x00007FF72FFBF30D+3366989]
	GetHandleVerifier [0x00007FF72FFD12F0+3440688]
	GetHandleVerifier [0x00007FF72FFC78FD+3401277]
	GetHandleVerifier [0x00007FF72FD5AAAB+858091]
	(No symbol) [0x00007FF72FBFE74F]
	(No symbol) [0x00007FF72FBFA304]
	(No symbol) [0x00007FF72FBFA49D]
	(No symbol) [0x00007FF72FBE8B69]
	BaseThreadInitThunk [0x00007FFAFED7259D+29]
	RtlUserThreadStart [0x00007FFB003CAF38+40]
</status>
</test>
<status status="FAIL" start="2025-02-12T04:57:14.238291" elapsed="11.931318"/>
</suite>
<statistics>
<total>
<stat pass="0" fail="1" skip="0">All Tests</stat>
</total>
<tag>
</tag>
<suite>
<stat pass="0" fail="1" skip="0" id="s1" name="Patents Test">Patents Test</stat>
</suite>
</statistics>
<errors>
</errors>
</robot>
